2020-11-12T01:19:24+00:00 ERROR Error getting remote inbox notification data feed
2020-11-12T01:19:24+00:00 ERROR WP_Error Object
(
    [errors] => Array
        (
            [http_request_failed] => Array
                (
                    [0] => cURL error 6: Could not resolve host: woocommerce.com
                )

        )

    [error_data] => Array
        (
        )

)

2020-11-12T01:19:24+00:00 ERROR Error getting remote inbox notification data feed
2020-11-12T01:19:24+00:00 ERROR WP_Error Object
(
    [errors] => Array
        (
            [http_request_failed] => Array
                (
                    [0] => cURL error 6: Could not resolve host: woocommerce.com
                )

        )

    [error_data] => Array
        (
        )

)

2020-11-12T01:20:10+00:00 ERROR Error getting remote inbox notification data feed
2020-11-12T01:20:10+00:00 ERROR WP_Error Object
(
    [errors] => Array
        (
            [http_request_failed] => Array
                (
                    [0] => cURL error 6: Could not resolve host: woocommerce.com
                )

        )

    [error_data] => Array
        (
        )

)

2020-11-12T01:20:10+00:00 ERROR Error getting remote inbox notification data feed
2020-11-12T01:20:10+00:00 ERROR WP_Error Object
(
    [errors] => Array
        (
            [http_request_failed] => Array
                (
                    [0] => cURL error 6: Could not resolve host: woocommerce.com
                )

        )

    [error_data] => Array
        (
        )

)

2020-11-12T01:26:15+00:00 ERROR Error getting remote inbox notification data feed
2020-11-12T01:26:15+00:00 ERROR WP_Error Object
(
    [errors] => Array
        (
            [http_request_failed] => Array
                (
                    [0] => cURL error 6: Could not resolve host: woocommerce.com
                )

        )

    [error_data] => Array
        (
        )

)

2020-11-12T01:28:55+00:00 ERROR Error getting remote inbox notification data feed
2020-11-12T01:28:55+00:00 ERROR WP_Error Object
(
    [errors] => Array
        (
            [http_request_failed] => Array
                (
                    [0] => cURL error 6: Could not resolve host: woocommerce.com
                )

        )

    [error_data] => Array
        (
        )

)

2020-11-12T20:56:45+00:00 ERROR Error getting remote inbox notification data feed
2020-11-12T20:56:45+00:00 ERROR WP_Error Object
(
    [errors] => Array
        (
            [http_request_failed] => Array
                (
                    [0] => cURL error 6: Could not resolve host: woocommerce.com
                )

        )

    [error_data] => Array
        (
        )

)

2020-11-12T20:56:45+00:00 ERROR Error getting remote inbox notification data feed
2020-11-12T20:56:45+00:00 ERROR WP_Error Object
(
    [errors] => Array
        (
            [http_request_failed] => Array
                (
                    [0] => cURL error 6: Could not resolve host: woocommerce.com
                )

        )

    [error_data] => Array
        (
        )

)

2020-11-12T20:57:40+00:00 ERROR Error getting remote inbox notification data feed
2020-11-12T20:57:40+00:00 ERROR WP_Error Object
(
    [errors] => Array
        (
            [http_request_failed] => Array
                (
                    [0] => cURL error 6: Could not resolve host: woocommerce.com
                )

        )

    [error_data] => Array
        (
        )

)

2020-11-12T20:57:40+00:00 ERROR Error getting remote inbox notification data feed
2020-11-12T20:57:40+00:00 ERROR WP_Error Object
(
    [errors] => Array
        (
            [http_request_failed] => Array
                (
                    [0] => cURL error 6: Could not resolve host: woocommerce.com
                )

        )

    [error_data] => Array
        (
        )

)

2020-11-12T23:28:40+00:00 ERROR Error getting remote inbox notification data feed
2020-11-12T23:28:40+00:00 ERROR WP_Error Object
(
    [errors] => Array
        (
            [http_request_failed] => Array
                (
                    [0] => cURL error 6: Could not resolve host: woocommerce.com
                )

        )

    [error_data] => Array
        (
        )

)

2020-11-12T23:30:21+00:00 ERROR Error getting remote inbox notification data feed
2020-11-12T23:30:21+00:00 ERROR WP_Error Object
(
    [errors] => Array
        (
            [http_request_failed] => Array
                (
                    [0] => cURL error 6: Could not resolve host: woocommerce.com
                )

        )

    [error_data] => Array
        (
        )

)

